<?xml version="1.0" encoding="UTF-8"?>
<!-- Generated by org.testng.reporters.JUnitXMLReporter -->
<testsuite ignored="0" hostname="shamss-MBP.lan1" failures="0" tests="3" name="Default test" time="29.593" errors="0" timestamp="07 Jan 2019 03:04:28 GMT">
  <testcase classname="com.crm.qa.testCases.ContactPageTest" name="verifyContactLogoTest" time="0.031"/>
  <testcase classname="com.crm.qa.testCases.ContactPageTest" name="selectSingleContactByNameTest" time="0.074"/>
  <testcase classname="com.crm.qa.testCases.ContactPageTest" name="selectMultipleSingleContactByNameTest" time="3.154"/>
</testsuite> <!-- Default test -->
