<?xml version="1.0" encoding="UTF-8"?>
<!-- Generated by org.testng.reporters.JUnitXMLReporter -->
<testsuite ignored="0" hostname="shamss-MBP.lan1" failures="0" tests="9" name="FreeCRM App TEST" time="96.582" errors="0" timestamp="07 Jan 2019 05:18:06 GMT">
  <testcase classname="com.crm.qa.testCases.ContactPageTest" name="verifyContactLogoTest" time="0.05"/>
  <testcase classname="com.crm.qa.testCases.LoginPageTest" name="loginPageTitleTest" time="0.008"/>
  <testcase classname="com.crm.qa.testCases.HomePageTest" name="verifyHomePageTitleTest" time="0.007"/>
  <testcase classname="com.crm.qa.testCases.ContactPageTest" name="selectSingleContactByNameTest" time="2.826"/>
  <testcase classname="com.crm.qa.testCases.LoginPageTest" name="CRMLogoImageTest" time="0.047"/>
  <testcase classname="com.crm.qa.testCases.HomePageTest" name="verifyUsernameLabelTest" time="0.074"/>
  <testcase classname="com.crm.qa.testCases.ContactPageTest" name="selectMultipleSingleContactByNameTest" time="12.459"/>
  <testcase classname="com.crm.qa.testCases.LoginPageTest" name="loginTest" time="4.191"/>
  <testcase classname="com.crm.qa.testCases.HomePageTest" name="clickOnContactLinkTest" time="1.036"/>
</testsuite> <!-- FreeCRM App TEST -->
