<?xml version="1.0" encoding="UTF-8"?>
<testng-results ignored="0" total="9" passed="9" failed="0" skipped="0">
  <reporter-output>
  </reporter-output>
  <suite started-at="2019-01-07T05:16:29Z" name=" FreeCRM App Test Automation suite " finished-at="2019-01-07T05:18:06Z" duration-ms="96582">
    <groups>
    </groups>
    <test started-at="2019-01-07T05:16:29Z" name="FreeCRM App TEST" finished-at="2019-01-07T05:18:06Z" duration-ms="96582">
      <class name="com.crm.qa.testCases.HomePageTest">
        <test-method is-config="true" signature="setUp()[pri:0, instance:com.crm.qa.testCases.HomePageTest@762ef0ea]" started-at="2019-01-07T05:16:49Z" name="setUp" finished-at="2019-01-07T05:16:57Z" duration-ms="8633" status="PASS">
          <reporter-output>
          </reporter-output>
        </test-method> <!-- setUp -->
        <test-method signature="verifyHomePageTitleTest()[pri:1, instance:com.crm.qa.testCases.HomePageTest@762ef0ea]" started-at="2019-01-07T05:16:57Z" name="verifyHomePageTitleTest" finished-at="2019-01-07T05:16:57Z" duration-ms="7" status="PASS">
          <reporter-output>
          </reporter-output>
        </test-method> <!-- verifyHomePageTitleTest -->
        <test-method is-config="true" signature="tearDown()[pri:0, instance:com.crm.qa.testCases.HomePageTest@762ef0ea]" started-at="2019-01-07T05:16:57Z" name="tearDown" finished-at="2019-01-07T05:16:58Z" duration-ms="105" status="PASS">
          <reporter-output>
          </reporter-output>
        </test-method> <!-- tearDown -->
        <test-method is-config="true" signature="setUp()[pri:0, instance:com.crm.qa.testCases.HomePageTest@762ef0ea]" started-at="2019-01-07T05:17:19Z" name="setUp" finished-at="2019-01-07T05:17:26Z" duration-ms="7672" status="PASS">
          <reporter-output>
          </reporter-output>
        </test-method> <!-- setUp -->
        <test-method signature="verifyUsernameLabelTest()[pri:2, instance:com.crm.qa.testCases.HomePageTest@762ef0ea]" started-at="2019-01-07T05:17:26Z" name="verifyUsernameLabelTest" finished-at="2019-01-07T05:17:26Z" duration-ms="74" status="PASS">
          <reporter-output>
          </reporter-output>
        </test-method> <!-- verifyUsernameLabelTest -->
        <test-method is-config="true" signature="tearDown()[pri:0, instance:com.crm.qa.testCases.HomePageTest@762ef0ea]" started-at="2019-01-07T05:17:26Z" name="tearDown" finished-at="2019-01-07T05:17:27Z" duration-ms="101" status="PASS">
          <reporter-output>
          </reporter-output>
        </test-method> <!-- tearDown -->
        <test-method is-config="true" signature="setUp()[pri:0, instance:com.crm.qa.testCases.HomePageTest@762ef0ea]" started-at="2019-01-07T05:17:57Z" name="setUp" finished-at="2019-01-07T05:18:04Z" duration-ms="7426" status="PASS">
          <reporter-output>
          </reporter-output>
        </test-method> <!-- setUp -->
        <test-method signature="clickOnContactLinkTest()[pri:3, instance:com.crm.qa.testCases.HomePageTest@762ef0ea]" started-at="2019-01-07T05:18:04Z" name="clickOnContactLinkTest" finished-at="2019-01-07T05:18:05Z" duration-ms="1036" status="PASS">
          <reporter-output>
          </reporter-output>
        </test-method> <!-- clickOnContactLinkTest -->
        <test-method is-config="true" signature="tearDown()[pri:0, instance:com.crm.qa.testCases.HomePageTest@762ef0ea]" started-at="2019-01-07T05:18:05Z" name="tearDown" finished-at="2019-01-07T05:18:06Z" duration-ms="151" status="PASS">
          <reporter-output>
          </reporter-output>
        </test-method> <!-- tearDown -->
      </class> <!-- com.crm.qa.testCases.HomePageTest -->
      <class name="com.crm.qa.testCases.ContactPageTest">
        <test-method is-config="true" signature="SetUp()[pri:0, instance:com.crm.qa.testCases.ContactPageTest@291b4bf5]" started-at="2019-01-07T05:16:29Z" name="SetUp" finished-at="2019-01-07T05:16:45Z" duration-ms="16396" status="PASS">
          <reporter-output>
          </reporter-output>
        </test-method> <!-- SetUp -->
        <test-method signature="verifyContactLogoTest()[pri:1, instance:com.crm.qa.testCases.ContactPageTest@291b4bf5]" started-at="2019-01-07T05:16:45Z" name="verifyContactLogoTest" finished-at="2019-01-07T05:16:45Z" duration-ms="50" status="PASS">
          <reporter-output>
          </reporter-output>
        </test-method> <!-- verifyContactLogoTest -->
        <test-method is-config="true" signature="tearDown()[pri:0, instance:com.crm.qa.testCases.ContactPageTest@291b4bf5]" started-at="2019-01-07T05:16:45Z" name="tearDown" finished-at="2019-01-07T05:16:45Z" duration-ms="105" status="PASS">
          <reporter-output>
          </reporter-output>
        </test-method> <!-- tearDown -->
        <test-method is-config="true" signature="SetUp()[pri:0, instance:com.crm.qa.testCases.ContactPageTest@291b4bf5]" started-at="2019-01-07T05:16:58Z" name="SetUp" finished-at="2019-01-07T05:17:12Z" duration-ms="14798" status="PASS">
          <reporter-output>
          </reporter-output>
        </test-method> <!-- SetUp -->
        <test-method signature="selectSingleContactByNameTest()[pri:2, instance:com.crm.qa.testCases.ContactPageTest@291b4bf5]" started-at="2019-01-07T05:17:12Z" name="selectSingleContactByNameTest" finished-at="2019-01-07T05:17:15Z" duration-ms="2826" status="PASS">
          <reporter-output>
          </reporter-output>
        </test-method> <!-- selectSingleContactByNameTest -->
        <test-method is-config="true" signature="tearDown()[pri:0, instance:com.crm.qa.testCases.ContactPageTest@291b4bf5]" started-at="2019-01-07T05:17:15Z" name="tearDown" finished-at="2019-01-07T05:17:15Z" duration-ms="119" status="PASS">
          <reporter-output>
          </reporter-output>
        </test-method> <!-- tearDown -->
        <test-method is-config="true" signature="SetUp()[pri:0, instance:com.crm.qa.testCases.ContactPageTest@291b4bf5]" started-at="2019-01-07T05:17:27Z" name="SetUp" finished-at="2019-01-07T05:17:37Z" duration-ms="10296" status="PASS">
          <reporter-output>
          </reporter-output>
        </test-method> <!-- SetUp -->
        <test-method signature="selectMultipleSingleContactByNameTest()[pri:3, instance:com.crm.qa.testCases.ContactPageTest@291b4bf5]" started-at="2019-01-07T05:17:37Z" name="selectMultipleSingleContactByNameTest" finished-at="2019-01-07T05:17:49Z" duration-ms="12459" status="PASS">
          <reporter-output>
          </reporter-output>
        </test-method> <!-- selectMultipleSingleContactByNameTest -->
        <test-method is-config="true" signature="tearDown()[pri:0, instance:com.crm.qa.testCases.ContactPageTest@291b4bf5]" started-at="2019-01-07T05:17:49Z" name="tearDown" finished-at="2019-01-07T05:17:49Z" duration-ms="148" status="PASS">
          <reporter-output>
          </reporter-output>
        </test-method> <!-- tearDown -->
      </class> <!-- com.crm.qa.testCases.ContactPageTest -->
      <class name="com.crm.qa.testCases.LoginPageTest">
        <test-method is-config="true" signature="setUp()[pri:0, instance:com.crm.qa.testCases.LoginPageTest@2d2ffcb7]" started-at="2019-01-07T05:16:46Z" name="setUp" finished-at="2019-01-07T05:16:49Z" duration-ms="3147" status="PASS">
          <reporter-output>
          </reporter-output>
        </test-method> <!-- setUp -->
        <test-method signature="loginPageTitleTest()[pri:1, instance:com.crm.qa.testCases.LoginPageTest@2d2ffcb7]" started-at="2019-01-07T05:16:49Z" name="loginPageTitleTest" finished-at="2019-01-07T05:16:49Z" duration-ms="8" status="PASS">
          <reporter-output>
          </reporter-output>
        </test-method> <!-- loginPageTitleTest -->
        <test-method is-config="true" signature="tearDown()[pri:0, instance:com.crm.qa.testCases.LoginPageTest@2d2ffcb7]" started-at="2019-01-07T05:16:49Z" name="tearDown" finished-at="2019-01-07T05:16:49Z" duration-ms="97" status="PASS">
          <reporter-output>
          </reporter-output>
        </test-method> <!-- tearDown -->
        <test-method is-config="true" signature="setUp()[pri:0, instance:com.crm.qa.testCases.LoginPageTest@2d2ffcb7]" started-at="2019-01-07T05:17:15Z" name="setUp" finished-at="2019-01-07T05:17:19Z" duration-ms="3302" status="PASS">
          <reporter-output>
          </reporter-output>
        </test-method> <!-- setUp -->
        <test-method signature="CRMLogoImageTest()[pri:2, instance:com.crm.qa.testCases.LoginPageTest@2d2ffcb7]" started-at="2019-01-07T05:17:19Z" name="CRMLogoImageTest" finished-at="2019-01-07T05:17:19Z" duration-ms="47" status="PASS">
          <reporter-output>
          </reporter-output>
        </test-method> <!-- CRMLogoImageTest -->
        <test-method is-config="true" signature="tearDown()[pri:0, instance:com.crm.qa.testCases.LoginPageTest@2d2ffcb7]" started-at="2019-01-07T05:17:19Z" name="tearDown" finished-at="2019-01-07T05:17:19Z" duration-ms="87" status="PASS">
          <reporter-output>
          </reporter-output>
        </test-method> <!-- tearDown -->
        <test-method is-config="true" signature="setUp()[pri:0, instance:com.crm.qa.testCases.LoginPageTest@2d2ffcb7]" started-at="2019-01-07T05:17:49Z" name="setUp" finished-at="2019-01-07T05:17:53Z" duration-ms="3146" status="PASS">
          <reporter-output>
          </reporter-output>
        </test-method> <!-- setUp -->
        <test-method signature="loginTest()[pri:3, instance:com.crm.qa.testCases.LoginPageTest@2d2ffcb7]" started-at="2019-01-07T05:17:53Z" name="loginTest" finished-at="2019-01-07T05:17:57Z" duration-ms="4191" status="PASS">
          <reporter-output>
          </reporter-output>
        </test-method> <!-- loginTest -->
        <test-method is-config="true" signature="tearDown()[pri:0, instance:com.crm.qa.testCases.LoginPageTest@2d2ffcb7]" started-at="2019-01-07T05:17:57Z" name="tearDown" finished-at="2019-01-07T05:17:57Z" duration-ms="111" status="PASS">
          <reporter-output>
          </reporter-output>
        </test-method> <!-- tearDown -->
      </class> <!-- com.crm.qa.testCases.LoginPageTest -->
    </test> <!-- FreeCRM App TEST -->
  </suite> <!--  FreeCRM App Test Automation suite  -->
</testng-results>
